Started GET "/" for ::1 at 2022-05-18 16:04:06 +0700
  
ActiveRecord::NoDatabaseError (connection to server on socket "/tmp/.s.PGSQL.5432" failed: FATAL:  database "myapp_development" does not exist
):
  
activerecord (5.2.8) lib/active_record/connection_adapters/postgresql_adapter.rb:696:in `rescue in connect'
activerecord (5.2.8) lib/active_record/connection_adapters/postgresql_adapter.rb:691:in `connect'
activerecord (5.2.8) lib/active_record/connection_adapters/postgresql_adapter.rb:223:in `initialize'
activerecord (5.2.8) lib/active_record/connection_adapters/postgresql_adapter.rb:48:in `new'
activerecord (5.2.8) lib/active_record/connection_adapters/postgresql_adapter.rb:48:in `postgresql_connection'
activerecord (5.2.8) lib/active_record/connection_adapters/abstract/connection_pool.rb:830:in `new_connection'
activerecord (5.2.8) lib/active_record/connection_adapters/abstract/connection_pool.rb:874:in `checkout_new_connection'
activerecord (5.2.8) lib/active_record/connection_adapters/abstract/connection_pool.rb:853:in `try_to_checkout_new_connection'
activerecord (5.2.8) lib/active_record/connection_adapters/abstract/connection_pool.rb:814:in `acquire_connection'
activerecord (5.2.8) lib/active_record/connection_adapters/abstract/connection_pool.rb:538:in `checkout'
activerecord (5.2.8) lib/active_record/connection_adapters/abstract/connection_pool.rb:382:in `connection'
activerecord (5.2.8) lib/active_record/connection_adapters/abstract/connection_pool.rb:1033:in `retrieve_connection'
activerecord (5.2.8) lib/active_record/connection_handling.rb:118:in `retrieve_connection'
activerecord (5.2.8) lib/active_record/connection_handling.rb:90:in `connection'
activerecord (5.2.8) lib/active_record/migration.rb:554:in `call'
actionpack (5.2.8) lib/action_dispatch/middleware/callbacks.rb:28:in `block in call'
activesupport (5.2.8) lib/active_support/callbacks.rb:98:in `run_callbacks'
actionpack (5.2.8) lib/action_dispatch/middleware/callbacks.rb:26:in `call'
actionpack (5.2.8) lib/action_dispatch/middleware/executor.rb:14:in `call'
actionpack (5.2.8) lib/action_dispatch/middleware/debug_exceptions.rb:61:in `call'
web-console (3.7.0) lib/web_console/middleware.rb:135:in `call_app'
web-console (3.7.0) lib/web_console/middleware.rb:30:in `block in call'
web-console (3.7.0) lib/web_console/middleware.rb:20:in `catch'
web-console (3.7.0) lib/web_console/middleware.rb:20:in `call'
actionpack (5.2.8) lib/action_dispatch/middleware/show_exceptions.rb:33:in `call'
railties (5.2.8) lib/rails/rack/logger.rb:38:in `call_app'
railties (5.2.8) lib/rails/rack/logger.rb:26:in `block in call'
activesupport (5.2.8) lib/active_support/tagged_logging.rb:71:in `block in tagged'
activesupport (5.2.8) lib/active_support/tagged_logging.rb:28:in `tagged'
activesupport (5.2.8) lib/active_support/tagged_logging.rb:71:in `tagged'
railties (5.2.8) lib/rails/rack/logger.rb:26:in `call'
sprockets-rails (3.4.2) lib/sprockets/rails/quiet_assets.rb:13:in `call'
actionpack (5.2.8) lib/action_dispatch/middleware/remote_ip.rb:81:in `call'
actionpack (5.2.8) lib/action_dispatch/middleware/request_id.rb:27:in `call'
rack (2.2.3) lib/rack/method_override.rb:24:in `call'
rack (2.2.3) lib/rack/runtime.rb:22:in `call'
activesupport (5.2.8) lib/active_support/cache/strategy/local_cache_middleware.rb:29:in `call'
actionpack (5.2.8) lib/action_dispatch/middleware/executor.rb:14:in `call'
actionpack (5.2.8) lib/action_dispatch/middleware/static.rb:127:in `call'
rack (2.2.3) lib/rack/sendfile.rb:110:in `call'
railties (5.2.8) lib/rails/engine.rb:524:in `call'
puma (3.12.6) lib/puma/configuration.rb:227:in `call'
puma (3.12.6) lib/puma/server.rb:706:in `handle_request'
puma (3.12.6) lib/puma/server.rb:476:in `process_client'
puma (3.12.6) lib/puma/server.rb:334:in `block in run'
puma (3.12.6) lib/puma/thread_pool.rb:135:in `block in spawn_thread'
  [1m[35m (155.7ms)[0m  [1m[35mCREATE DATABASE "myapp_development" ENCODING = 'unicode'[0m
  ↳ /Users/csteam/.rvm/gems/ruby-2.6.6/bin/rake:23
  [1m[35m (70.4ms)[0m  [1m[35mCREATE DATABASE "myapp_test" ENCODING = 'unicode'[0m
  ↳ /Users/csteam/.rvm/gems/ruby-2.6.6/bin/rake:23
Started GET "/" for ::1 at 2022-05-18 16:04:45 +0700
Processing by Rails::WelcomeController#index as HTML
  Rendering /Users/csteam/.rvm/gems/ruby-2.6.6/gems/railties-5.2.8/lib/rails/templates/rails/welcome/index.html.erb
  Rendered /Users/csteam/.rvm/gems/ruby-2.6.6/gems/railties-5.2.8/lib/rails/templates/rails/welcome/index.html.erb (2.1ms)
Completed 200 OK in 9ms (Views: 4.0ms | ActiveRecord: 0.0ms)


Started GET "/" for ::1 at 2022-05-21 14:37:48 +0700
Processing by Rails::WelcomeController#index as HTML
  Rendering /Users/csteam/.rvm/gems/ruby-2.6.6/gems/railties-5.2.8/lib/rails/templates/rails/welcome/index.html.erb
  Rendered /Users/csteam/.rvm/gems/ruby-2.6.6/gems/railties-5.2.8/lib/rails/templates/rails/welcome/index.html.erb (2.9ms)
Completed 200 OK in 13ms (Views: 7.0ms | ActiveRecord: 0.0ms)


Started GET "/" for ::1 at 2022-05-21 14:40:37 +0700
Processing by Rails::WelcomeController#index as HTML
  Rendering /Users/csteam/.rvm/gems/ruby-2.6.6/gems/railties-5.2.8/lib/rails/templates/rails/welcome/index.html.erb
  Rendered /Users/csteam/.rvm/gems/ruby-2.6.6/gems/railties-5.2.8/lib/rails/templates/rails/welcome/index.html.erb (2.5ms)
Completed 200 OK in 10ms (Views: 5.7ms | ActiveRecord: 0.0ms)


Started GET "/" for ::1 at 2022-05-21 16:16:37 +0700
  
PG::ConnectionBad (connection to server on socket "/tmp/.s.PGSQL.5432" failed: No such file or directory
	Is the server running locally and accepting connections on that socket?
):
  
pg (1.3.5) lib/pg/connection.rb:702:in `connect_start'
pg (1.3.5) lib/pg/connection.rb:702:in `new'
pg (1.3.5) lib/pg.rb:69:in `connect'
activerecord (5.2.8) lib/active_record/connection_adapters/postgresql_adapter.rb:692:in `connect'
activerecord (5.2.8) lib/active_record/connection_adapters/postgresql_adapter.rb:223:in `initialize'
activerecord (5.2.8) lib/active_record/connection_adapters/postgresql_adapter.rb:48:in `new'
activerecord (5.2.8) lib/active_record/connection_adapters/postgresql_adapter.rb:48:in `postgresql_connection'
activerecord (5.2.8) lib/active_record/connection_adapters/abstract/connection_pool.rb:830:in `new_connection'
activerecord (5.2.8) lib/active_record/connection_adapters/abstract/connection_pool.rb:874:in `checkout_new_connection'
activerecord (5.2.8) lib/active_record/connection_adapters/abstract/connection_pool.rb:853:in `try_to_checkout_new_connection'
activerecord (5.2.8) lib/active_record/connection_adapters/abstract/connection_pool.rb:814:in `acquire_connection'
activerecord (5.2.8) lib/active_record/connection_adapters/abstract/connection_pool.rb:538:in `checkout'
activerecord (5.2.8) lib/active_record/connection_adapters/abstract/connection_pool.rb:382:in `connection'
activerecord (5.2.8) lib/active_record/connection_adapters/abstract/connection_pool.rb:1033:in `retrieve_connection'
activerecord (5.2.8) lib/active_record/connection_handling.rb:118:in `retrieve_connection'
activerecord (5.2.8) lib/active_record/connection_handling.rb:90:in `connection'
activerecord (5.2.8) lib/active_record/migration.rb:554:in `call'
actionpack (5.2.8) lib/action_dispatch/middleware/callbacks.rb:28:in `block in call'
activesupport (5.2.8) lib/active_support/callbacks.rb:98:in `run_callbacks'
actionpack (5.2.8) lib/action_dispatch/middleware/callbacks.rb:26:in `call'
actionpack (5.2.8) lib/action_dispatch/middleware/executor.rb:14:in `call'
actionpack (5.2.8) lib/action_dispatch/middleware/debug_exceptions.rb:61:in `call'
web-console (3.7.0) lib/web_console/middleware.rb:135:in `call_app'
web-console (3.7.0) lib/web_console/middleware.rb:30:in `block in call'
web-console (3.7.0) lib/web_console/middleware.rb:20:in `catch'
web-console (3.7.0) lib/web_console/middleware.rb:20:in `call'
actionpack (5.2.8) lib/action_dispatch/middleware/show_exceptions.rb:33:in `call'
railties (5.2.8) lib/rails/rack/logger.rb:38:in `call_app'
railties (5.2.8) lib/rails/rack/logger.rb:26:in `block in call'
activesupport (5.2.8) lib/active_support/tagged_logging.rb:71:in `block in tagged'
activesupport (5.2.8) lib/active_support/tagged_logging.rb:28:in `tagged'
activesupport (5.2.8) lib/active_support/tagged_logging.rb:71:in `tagged'
railties (5.2.8) lib/rails/rack/logger.rb:26:in `call'
sprockets-rails (3.4.2) lib/sprockets/rails/quiet_assets.rb:13:in `call'
actionpack (5.2.8) lib/action_dispatch/middleware/remote_ip.rb:81:in `call'
actionpack (5.2.8) lib/action_dispatch/middleware/request_id.rb:27:in `call'
rack (2.2.3) lib/rack/method_override.rb:24:in `call'
rack (2.2.3) lib/rack/runtime.rb:22:in `call'
activesupport (5.2.8) lib/active_support/cache/strategy/local_cache_middleware.rb:29:in `call'
actionpack (5.2.8) lib/action_dispatch/middleware/executor.rb:14:in `call'
actionpack (5.2.8) lib/action_dispatch/middleware/static.rb:127:in `call'
rack (2.2.3) lib/rack/sendfile.rb:110:in `call'
railties (5.2.8) lib/rails/engine.rb:524:in `call'
puma (3.12.6) lib/puma/configuration.rb:227:in `call'
puma (3.12.6) lib/puma/server.rb:706:in `handle_request'
puma (3.12.6) lib/puma/server.rb:476:in `process_client'
puma (3.12.6) lib/puma/server.rb:334:in `block in run'
puma (3.12.6) lib/puma/thread_pool.rb:135:in `block in spawn_thread'
Started GET "/" for ::1 at 2022-05-21 16:18:06 +0700
Processing by Rails::WelcomeController#index as HTML
  Rendering /Users/csteam/.rvm/gems/ruby-2.6.6/gems/railties-5.2.8/lib/rails/templates/rails/welcome/index.html.erb
  Rendered /Users/csteam/.rvm/gems/ruby-2.6.6/gems/railties-5.2.8/lib/rails/templates/rails/welcome/index.html.erb (3.3ms)
Completed 200 OK in 12ms (Views: 6.7ms | ActiveRecord: 0.0ms)


Started GET "/" for ::1 at 2022-05-21 16:24:46 +0700
Processing by PagesController#home as HTML
  Rendering pages/home.html.erb within layouts/application
  Rendered pages/home.html.erb within layouts/application (1.0ms)
Completed 200 OK in 714ms (Views: 710.1ms | ActiveRecord: 0.0ms)


Started GET "/" for ::1 at 2022-05-21 18:10:36 +0700
Processing by PagesController#home as HTML
  Rendering pages/home.html.erb within layouts/application
  Rendered pages/home.html.erb within layouts/application (0.9ms)
Completed 200 OK in 177ms (Views: 172.3ms | ActiveRecord: 0.0ms)


Started GET "/" for ::1 at 2022-05-21 23:57:39 +0700
Processing by PagesController#home as HTML
Completed 406 Not Acceptable in 26ms (ActiveRecord: 0.0ms)


  
ActionController::UnknownFormat (PagesController#home is missing a template for this request format and variant.

request.formats: ["text/html"]
request.variant: []

NOTE! For XHR/Ajax or API requests, this action would normally respond with 204 No Content: an empty white screen. Since you're loading it in a web browser, we assume that you expected to actually render a template, not nothing, so we're showing an error to be extra-clear. If you expect 204 No Content, carry on. That's what you'll get from an XHR or API request. Give it a shot.):
  
actionpack (5.2.8) lib/action_controller/metal/implicit_render.rb:55:in `default_render'
actionpack (5.2.8) lib/action_controller/metal/basic_implicit_render.rb:6:in `block in send_action'
actionpack (5.2.8) lib/action_controller/metal/basic_implicit_render.rb:6:in `tap'
actionpack (5.2.8) lib/action_controller/metal/basic_implicit_render.rb:6:in `send_action'
actionpack (5.2.8) lib/abstract_controller/base.rb:194:in `process_action'
actionpack (5.2.8) lib/action_controller/metal/rendering.rb:30:in `process_action'
actionpack (5.2.8) lib/abstract_controller/callbacks.rb:42:in `block in process_action'
activesupport (5.2.8) lib/active_support/callbacks.rb:132:in `run_callbacks'
actionpack (5.2.8) lib/abstract_controller/callbacks.rb:41:in `process_action'
actionpack (5.2.8) lib/action_controller/metal/rescue.rb:22:in `process_action'
actionpack (5.2.8) lib/action_controller/metal/instrumentation.rb:34:in `block in process_action'
activesupport (5.2.8) lib/active_support/notifications.rb:168:in `block in instrument'
activesupport (5.2.8) lib/active_support/notifications/instrumenter.rb:23:in `instrument'
activesupport (5.2.8) lib/active_support/notifications.rb:168:in `instrument'
actionpack (5.2.8) lib/action_controller/metal/instrumentation.rb:32:in `process_action'
actionpack (5.2.8) lib/action_controller/metal/params_wrapper.rb:256:in `process_action'
activerecord (5.2.8) lib/active_record/railties/controller_runtime.rb:24:in `process_action'
actionpack (5.2.8) lib/abstract_controller/base.rb:134:in `process'
actionview (5.2.8) lib/action_view/rendering.rb:32:in `process'
actionpack (5.2.8) lib/action_controller/metal.rb:191:in `dispatch'
actionpack (5.2.8) lib/action_controller/metal.rb:252:in `dispatch'
actionpack (5.2.8) lib/action_dispatch/routing/route_set.rb:52:in `dispatch'
actionpack (5.2.8) lib/action_dispatch/routing/route_set.rb:34:in `serve'
actionpack (5.2.8) lib/action_dispatch/journey/router.rb:52:in `block in serve'
actionpack (5.2.8) lib/action_dispatch/journey/router.rb:35:in `each'
actionpack (5.2.8) lib/action_dispatch/journey/router.rb:35:in `serve'
actionpack (5.2.8) lib/action_dispatch/routing/route_set.rb:840:in `call'
rack (2.2.3) lib/rack/tempfile_reaper.rb:15:in `call'
rack (2.2.3) lib/rack/etag.rb:27:in `call'
rack (2.2.3) lib/rack/conditional_get.rb:27:in `call'
rack (2.2.3) lib/rack/head.rb:12:in `call'
actionpack (5.2.8) lib/action_dispatch/http/content_security_policy.rb:18:in `call'
rack (2.2.3) lib/rack/session/abstract/id.rb:266:in `context'
rack (2.2.3) lib/rack/session/abstract/id.rb:260:in `call'
actionpack (5.2.8) lib/action_dispatch/middleware/cookies.rb:670:in `call'
activerecord (5.2.8) lib/active_record/migration.rb:559:in `call'
actionpack (5.2.8) lib/action_dispatch/middleware/callbacks.rb:28:in `block in call'
activesupport (5.2.8) lib/active_support/callbacks.rb:98:in `run_callbacks'
actionpack (5.2.8) lib/action_dispatch/middleware/callbacks.rb:26:in `call'
actionpack (5.2.8) lib/action_dispatch/middleware/executor.rb:14:in `call'
actionpack (5.2.8) lib/action_dispatch/middleware/debug_exceptions.rb:61:in `call'
web-console (3.7.0) lib/web_console/middleware.rb:135:in `call_app'
web-console (3.7.0) lib/web_console/middleware.rb:30:in `block in call'
web-console (3.7.0) lib/web_console/middleware.rb:20:in `catch'
web-console (3.7.0) lib/web_console/middleware.rb:20:in `call'
actionpack (5.2.8) lib/action_dispatch/middleware/show_exceptions.rb:33:in `call'
railties (5.2.8) lib/rails/rack/logger.rb:38:in `call_app'
railties (5.2.8) lib/rails/rack/logger.rb:26:in `block in call'
activesupport (5.2.8) lib/active_support/tagged_logging.rb:71:in `block in tagged'
activesupport (5.2.8) lib/active_support/tagged_logging.rb:28:in `tagged'
activesupport (5.2.8) lib/active_support/tagged_logging.rb:71:in `tagged'
railties (5.2.8) lib/rails/rack/logger.rb:26:in `call'
sprockets-rails (3.4.2) lib/sprockets/rails/quiet_assets.rb:13:in `call'
actionpack (5.2.8) lib/action_dispatch/middleware/remote_ip.rb:81:in `call'
actionpack (5.2.8) lib/action_dispatch/middleware/request_id.rb:27:in `call'
rack (2.2.3) lib/rack/method_override.rb:24:in `call'
rack (2.2.3) lib/rack/runtime.rb:22:in `call'
activesupport (5.2.8) lib/active_support/cache/strategy/local_cache_middleware.rb:29:in `call'
actionpack (5.2.8) lib/action_dispatch/middleware/executor.rb:14:in `call'
actionpack (5.2.8) lib/action_dispatch/middleware/static.rb:127:in `call'
rack (2.2.3) lib/rack/sendfile.rb:110:in `call'
railties (5.2.8) lib/rails/engine.rb:524:in `call'
puma (3.12.6) lib/puma/configuration.rb:227:in `call'
puma (3.12.6) lib/puma/server.rb:706:in `handle_request'
puma (3.12.6) lib/puma/server.rb:476:in `process_client'
puma (3.12.6) lib/puma/server.rb:334:in `block in run'
puma (3.12.6) lib/puma/thread_pool.rb:135:in `block in spawn_thread'
Started GET "/" for ::1 at 2022-05-22 00:11:04 +0700
Processing by PagesController#home as HTML
  Rendering pages/home.html.haml within layouts/application
  Rendered pages/home.html.haml within layouts/application (3.4ms)
Completed 200 OK in 200ms (Views: 194.3ms | ActiveRecord: 0.0ms)


Started GET "/" for ::1 at 2022-05-22 00:30:45 +0700
Processing by PagesController#home as HTML
  Rendering pages/home.html.haml within layouts/application
  Rendered pages/home.html.haml within layouts/application (3.9ms)
Completed 200 OK in 193ms (Views: 187.6ms | ActiveRecord: 0.0ms)


Started GET "/about" for ::1 at 2022-05-22 00:30:49 +0700
Processing by PagesController#about as HTML
  Rendering pages/about.html.haml within layouts/application
  Rendered pages/about.html.haml within layouts/application (3.6ms)
Completed 200 OK in 61ms (Views: 57.0ms | ActiveRecord: 0.0ms)


